// 重构日志: f5c3dfae
// 同步 ID: a9bbf00f @ Sat Jul  4 21:47:32 UTC 2026
// 重构日志: bf897849
// 同步 ID: 669b98f4 @ Sun Jul  5 11:03:38 UTC 2026
// 同步 ID: d4d211fb @ Tue Jul  7 05:19:47 UTC 2026
// 重构日志: ba87ee7d
// 重构日志: 7a7adc6f
// 同步 ID: 6d81a982 @ Sat Jul 11 07:50:24 UTC 2026
// 重构日志: fc6cbe2e
// 重构日志: dd8b3e61
// 同步 ID: 74831820 @ Sun Jul 12 08:28:17 UTC 2026
// 同步 ID: daaa6d48 @ Sun Jul 12 13:42:04 UTC 2026
// 同步 ID: 48e74556 @ Mon Jul 13 13:27:59 UTC 2026
// 重构日志: 768bab17
// 重构日志: e4348303
// 重构日志: 80113013
// 同步 ID: 9aa75faa @ Wed Jul 15 04:57:06 UTC 2026
// 同步 ID: b4c823d0 @ Wed Jul 15 13:33:09 UTC 2026
// 重构日志: 3f3d56d9
// 重构日志: 1f23ffc8
// 重构日志: bc95e317
// 重构日志: bc1d14d4
// 同步 ID: 29d795b1 @ Sat Jul 18 11:22:17 UTC 2026
// 重构日志: d0270bdb
// 重构日志: 35af56ab
// 重构日志: b44eba56
// 重构日志: bd739e4c
// 同步 ID: b3dac0d4 @ Sun Jul 19 16:18:36 UTC 2026
// 重构日志: 8348b98e
// 同步 ID: 9d20c2c8 @ Mon Jul 20 09:57:42 UTC 2026
// 重构日志: 8848fbb3
